0 info it worked if it ends with ok
1 verbose cli [ '/usr/bin/nodejs', '/usr/bin/npm', 'rebuild', 'node-sass' ]
2 info using npm@3.5.2
3 info using node@v4.2.6
4 info readInstalled object
5 verbose rebuild path, id [ '/media/scrub/windows 8/insurescan/ionic-1/ionic-1/node_modules/gulp-sass/node_modules/node-sass',
5 verbose rebuild   'node-sass@3.8.0' ]
6 silly rebuild set [ '/media/scrub/windows 8/insurescan/ionic-1/ionic-1/node_modules/gulp-sass/node_modules/node-sass' ]
7 info build /media/scrub/windows 8/insurescan/ionic-1/ionic-1/node_modules/gulp-sass/node_modules/node-sass
8 info lifecycle node-sass@3.8.0~preinstall: node-sass@3.8.0
9 silly lifecycle node-sass@3.8.0~preinstall: no script for preinstall, continuing
10 info linkStuff node-sass@3.8.0
11 silly linkStuff node-sass@3.8.0 has /media/scrub/windows 8/insurescan/ionic-1/ionic-1/node_modules/gulp-sass/node_modules as its parent node_modules
12 verbose linkBins node-sass@3.8.0
13 verbose link bins [ { 'node-sass': 'bin/node-sass' },
13 verbose link bins   '/media/scrub/windows 8/insurescan/ionic-1/ionic-1/node_modules/gulp-sass/node_modules/.bin',
13 verbose link bins   false ]
14 verbose linkMans node-sass@3.8.0
15 verbose rebuildBundles node-sass@3.8.0
16 verbose rebuildBundles [ '.bin',
16 verbose rebuildBundles   'async-foreach',
16 verbose rebuildBundles   'chalk',
16 verbose rebuildBundles   'cross-spawn',
16 verbose rebuildBundles   'gaze',
16 verbose rebuildBundles   'get-stdin',
16 verbose rebuildBundles   'glob',
16 verbose rebuildBundles   'in-publish',
16 verbose rebuildBundles   'meow',
16 verbose rebuildBundles   'mkdirp',
16 verbose rebuildBundles   'nan',
16 verbose rebuildBundles   'node-gyp',
16 verbose rebuildBundles   'request',
16 verbose rebuildBundles   'sass-graph' ]
17 silly gentlyRm /media/scrub/windows 8/insurescan/ionic-1/ionic-1/node_modules/gulp-sass/node_modules/.bin/node-sass is being purged
18 verbose gentlyRm don't care about contents; nuking /media/scrub/windows 8/insurescan/ionic-1/ionic-1/node_modules/gulp-sass/node_modules/.bin/node-sass
19 verbose stack Error: ENOSYS: function not implemented, symlink '../node-sass/bin/node-sass' -> '/media/scrub/windows 8/insurescan/ionic-1/ionic-1/node_modules/gulp-sass/node_modules/.bin/node-sass'
19 verbose stack     at Error (native)
20 verbose cwd /media/scrub/windows 8/insurescan/ionic-1/ionic-1
21 error Linux 4.4.0-31-generic
22 error argv "/usr/bin/nodejs" "/usr/bin/npm" "rebuild" "node-sass"
23 error node v4.2.6
24 error npm  v3.5.2
25 error path ../node-sass/bin/node-sass
26 error code ENOSYS
27 error errno -38
28 error syscall symlink
29 error ENOSYS: function not implemented, symlink '../node-sass/bin/node-sass' -> '/media/scrub/windows 8/insurescan/ionic-1/ionic-1/node_modules/gulp-sass/node_modules/.bin/node-sass'
30 error If you need help, you may report this error at:
30 error     <https://github.com/npm/npm/issues>
31 verbose exit [ -38, true ]
